<?xml version="1.0" encoding="UTF-8"?>
<!-- Generated by org.testng.reporters.JUnitReportReporter -->
<testsuite name="testScripts.NewTest" tests="1" time="40.397" ignored="0" failures="0" timestamp="15 Jul 2017 18:38:24 GMT" skipped="0" hostname="Badri-HP" errors="0">
  <testcase name="f" time="40.397" classname="testScripts.NewTest"/>
</testsuite> <!-- testScripts.NewTest -->
